c:\users\otman\desktop\fluidsimulatorapp\fluidsimulatorapp\x64\debug\vc141.pdb
c:\users\otman\desktop\fluidsimulatorapp\fluidsimulatorapp\x64\debug\vc141.idb
c:\users\otman\desktop\fluidsimulatorapp\fluidsimulatorapp\x64\debug\testtexture2d.obj
c:\users\otman\desktop\fluidsimulatorapp\fluidsimulatorapp\x64\debug\testclearcolor.obj
c:\users\otman\desktop\fluidsimulatorapp\fluidsimulatorapp\x64\debug\test.obj
c:\users\otman\desktop\fluidsimulatorapp\fluidsimulatorapp\x64\debug\fluidsimulatorapp.obj
c:\users\otman\desktop\fluidsimulatorapp\fluidsimulatorapp\x64\debug\vertexbuffer.obj
c:\users\otman\desktop\fluidsimulatorapp\fluidsimulatorapp\x64\debug\vertexarray.obj
c:\users\otman\desktop\fluidsimulatorapp\fluidsimulatorapp\x64\debug\shader.obj
c:\users\otman\desktop\fluidsimulatorapp\fluidsimulatorapp\x64\debug\renderer.obj
c:\users\otman\desktop\fluidsimulatorapp\fluidsimulatorapp\x64\debug\indexbuffer.obj
c:\users\otman\desktop\fluidsimulatorapp\fluidsimulatorapp\x64\debug\imgui_impl_glfw_gl3.obj
c:\users\otman\desktop\fluidsimulatorapp\fluidsimulatorapp\x64\debug\imgui_draw.obj
c:\users\otman\desktop\fluidsimulatorapp\fluidsimulatorapp\x64\debug\imgui_demo.obj
c:\users\otman\desktop\fluidsimulatorapp\fluidsimulatorapp\x64\debug\imgui.obj
c:\users\otman\desktop\fluidsimulatorapp\fluidsimulatorapp\x64\debug\glm.obj
c:\users\otman\desktop\fluidsimulatorapp\x64\debug\fluidsimulatorapp.pdb
c:\users\otman\desktop\fluidsimulatorapp\fluidsimulatorapp\x64\debug\fluidsim.24735527.tlog\cl.command.1.tlog
c:\users\otman\desktop\fluidsimulatorapp\fluidsimulatorapp\x64\debug\fluidsim.24735527.tlog\cl.read.1.tlog
c:\users\otman\desktop\fluidsimulatorapp\fluidsimulatorapp\x64\debug\fluidsim.24735527.tlog\cl.write.1.tlog
c:\users\otman\desktop\fluidsimulatorapp\fluidsimulatorapp\x64\debug\fluidsim.24735527.tlog\link-cvtres.read.1.tlog
c:\users\otman\desktop\fluidsimulatorapp\fluidsimulatorapp\x64\debug\fluidsim.24735527.tlog\link-cvtres.write.1.tlog
c:\users\otman\desktop\fluidsimulatorapp\fluidsimulatorapp\x64\debug\fluidsim.24735527.tlog\link-rc.read.1.tlog
c:\users\otman\desktop\fluidsimulatorapp\fluidsimulatorapp\x64\debug\fluidsim.24735527.tlog\link-rc.write.1.tlog
c:\users\otman\desktop\fluidsimulatorapp\fluidsimulatorapp\x64\debug\fluidsim.24735527.tlog\link.command.1.tlog
c:\users\otman\desktop\fluidsimulatorapp\fluidsimulatorapp\x64\debug\fluidsim.24735527.tlog\link.read.1.tlog
c:\users\otman\desktop\fluidsimulatorapp\fluidsimulatorapp\x64\debug\fluidsim.24735527.tlog\link.write.1.tlog
